<?xml version="1.0" encoding="UTF-8"?>
<!-- Generated by org.testng.reporters.JUnitReportReporter -->
<testsuite skipped="0" hostname="Chanakyas-MBP.lan" name="tests.Tests" tests="2" failures="0" timestamp="2022-04-06T00:47:32 CDT" time="4.262" errors="0">
  <testcase name="enterDataValues" time="3.498" classname="tests.Tests"/>
  <system-out/>
  <testcase name="UIElementsVerification" time="0.764" classname="tests.Tests"/>
  <system-out/>
</testsuite> <!-- tests.Tests -->
